2020-10-24 00:53:12.202  INFO 8400 --- [XNIO-1 I/O-3] lavalink.server.io.SocketServer          : Connection closed from /127.0.0.1:50975 with status CloseStatus[code=1006, reason=] -- Session can be resumed within the next 60 seconds with key default-node
2020-10-24 00:53:18.030  INFO 8400 --- [XNIO-1 task-9] l.server.io.HandshakeInterceptorImpl     : Incoming connection from /127.0.0.1:51705
2020-10-24 00:53:18.037  INFO 8400 --- [XNIO-1 task-9] lavalink.server.io.SocketServer          : Connection successfully established from /127.0.0.1:51705
2020-10-24 00:53:18.038  INFO 8400 --- [XNIO-1 I/O-1] lavalink.server.io.SocketServer          : {"op": "configureResuming", "key": "default-node", "timeout": 60}
2020-10-24 00:53:54.248  INFO 8400 --- [XNIO-1 task-10] l.server.player.AudioLoaderRestHandler   : GET /loadtracks
2020-10-24 00:53:54.657  INFO 8400 --- [XNIO-1 I/O-1] lavalink.server.io.SocketServer          : {"op": "voiceUpdate", "guildId": "764154090221207612", "sessionId": "8222f6fe37616038c5ec3737e90bc7c1", "event": {"token": "606b256b5b021f59", "guild_id": "764154090221207612", "endpoint": "eu-central5981.discord.media:443"}}
2020-10-24 00:53:54.975  INFO 8400 --- [lava-daemon-pool-info-loader-2-thread-1] lavalink.server.player.AudioLoader       : Loaded playlist Search results for: ncs
2020-10-24 00:53:54.982  INFO 8400 --- [XNIO-1 I/O-1] lavalink.server.io.SocketServer          : {"op": "stop", "guildId": "764154090221207612"}
2020-10-24 00:53:55.594  INFO 8400 --- [parallel-2] s.n.m.impl.connections.AudioWebSocket    : Websocket to wss://eu-central5981.discord.media:443/?v=4 closed with code 4006 and reason Session is no longer valid.
2020-10-24 00:53:55.595  WARN 8400 --- [parallel-2] s.n.m.impl.connections.AudioWebSocket    : Connection closed due to [4006 SESSION_NO_LONGER_VALID] Session is no longer valid.. This could indicate an issue with the magma library or your usage of it. Please get in touch. https://github.com/napstr/Magma/issues
2020-10-24 00:53:55.596  INFO 8400 --- [parallel-2] s.n.m.impl.connections.AudioWebSocket    : Closing
2020-10-24 00:54:12.217  INFO 8400 --- [pool-5-thread-1] lavalink.server.io.SocketContext         : Shutting down 0 playing players.
2020-10-24 00:54:19.671  INFO 8400 --- [XNIO-1 task-12] l.server.player.AudioLoaderRestHandler   : GET /loadtracks
2020-10-24 00:54:20.085  INFO 8400 --- [XNIO-1 I/O-1] lavalink.server.io.SocketServer          : {"op": "voiceUpdate", "guildId": "764154090221207612", "sessionId": "8222f6fe37616038c5ec3737e90bc7c1", "event": {"token": "b5ec7b06e75d169b", "guild_id": "764154090221207612", "endpoint": "eu-central5981.discord.media:443"}}
2020-10-24 00:54:20.383  INFO 8400 --- [lava-daemon-pool-info-loader-2-thread-1] lavalink.server.player.AudioLoader       : Loaded track Rick Astley - Never Gonna Give You Up (Video)
2020-10-24 00:54:20.836  INFO 8400 --- [XNIO-1 I/O-1] lavalink.server.io.SocketServer          : {"op": "play", "guildId": "764154090221207612", "track": "QAAAlQIALVJpY2sgQXN0bGV5IC0gTmV2ZXIgR29ubmEgR2l2ZSBZb3UgVXAgKFZpZGVvKQAOUmlja0FzdGxleVZFVk8AAAAAAAM8IAALZFF3NHc5V2dYY1EAAQAraHR0cHM6Ly93d3cueW91dHViZS5jb20vd2F0Y2g/dj1kUXc0dzlXZ1hjUQAHeW91dHViZQAAAAAAAAAA"}
2020-10-24 00:54:21.266 ERROR 8400 --- [lava-daemon-pool-playback-1-thread-2] c.s.d.l.t.p.LocalAudioTrackExecutor      : Error in playback of dQw4w9WgXcQ

com.sedmelluq.discord.lavaplayer.tools.FriendlyException: Something broke when playing the track.
	at com.sedmelluq.discord.lavaplayer.tools.ExceptionTools.wrapUnfriendlyExceptions(ExceptionTools.java:43) ~[lavaplayer-1.3.54.3.jar!/:na]
	at com.sedmelluq.discord.lavaplayer.track.playback.LocalAudioTrackExecutor.execute(LocalAudioTrackExecutor.java:117) ~[lavaplayer-1.3.54.3.jar!/:na]
	at com.sedmelluq.discord.lavaplayer.player.DefaultAudioPlayerManager.lambda$executeTrack$1(DefaultAudioPlayerManager.java:349) ~[lavaplayer-1.3.54.3.jar!/:na]
	at java.base/java.util.concurrent.ThreadPoolExecutor.runWorker(ThreadPoolExecutor.java:1128) ~[na:na]
	at java.base/java.util.concurrent.ThreadPoolExecutor$Worker.run(ThreadPoolExecutor.java:628) ~[na:na]
	at java.base/java.lang.Thread.run(Thread.java:830) ~[na:na]
Caused by: java.lang.NullPointerException: null
	at java.base/java.util.concurrent.ConcurrentHashMap.get(ConcurrentHashMap.java:936) ~[na:na]
	at com.sedmelluq.discord.lavaplayer.source.youtube.YoutubeSignatureCipherManager.getCipherKeyFromScript(YoutubeSignatureCipherManager.java:136) ~[lavaplayer-1.3.54.3.jar!/:na]
	at com.sedmelluq.discord.lavaplayer.source.youtube.YoutubeSignatureCipherManager.resolveFormatUrl(YoutubeSignatureCipherManager.java:103) ~[lavaplayer-1.3.54.3.jar!/:na]
	at com.sedmelluq.discord.lavaplayer.source.youtube.YoutubeAudioTrack.loadBestFormatWithUrl(YoutubeAudioTrack.java:87) ~[lavaplayer-1.3.54.3.jar!/:na]
	at com.sedmelluq.discord.lavaplayer.source.youtube.YoutubeAudioTrack.process(YoutubeAudioTrack.java:42) ~[lavaplayer-1.3.54.3.jar!/:na]
	at com.sedmelluq.discord.lavaplayer.track.playback.LocalAudioTrackExecutor.execute(LocalAudioTrackExecutor.java:105) ~[lavaplayer-1.3.54.3.jar!/:na]
	... 4 common frames omitted

2020-10-24 00:54:21.270  INFO 8400 --- [XNIO-1 I/O-1] lavalink.server.io.SocketServer          : {"op": "stop", "guildId": "764154090221207612"}
2020-10-24 00:54:21.677  INFO 8400 --- [parallel-4] s.n.m.impl.connections.AudioWebSocket    : Websocket to wss://eu-central5981.discord.media:443/?v=4 closed with code 4014 and reason Disconnected.
2020-10-24 00:54:21.679  INFO 8400 --- [parallel-4] s.n.m.impl.connections.AudioWebSocket    : Closing
2020-10-24 00:58:34.411  INFO 8400 --- [Thread-1] o.s.s.concurrent.ThreadPoolTaskExecutor  : Shutting down ExecutorService 'applicationTaskExecutor'
2020-10-24 00:58:34.413  INFO 8400 --- [Thread-1] c.s.d.l.tools.GarbageCollectionMonitor   : GC monitoring disabled.
2020-10-24 00:58:34.420  INFO 8400 --- [Thread-1] io.undertow.servlet                      : Destroying Spring FrameworkServlet 'dispatcherServlet'
2020-10-24 00:58:34.427 ERROR 8400 --- [XNIO-1 I/O-1] org.xnio.listener                        : XNIO001007: A channel event listener threw an exception

java.util.concurrent.RejectedExecutionException: XNIO007007: Thread is terminating
	at org.xnio.nio.WorkerThread.execute(WorkerThread.java:590) ~[xnio-nio-3.3.8.Final.jar!/:3.3.8.Final]
	at io.undertow.websockets.jsr.UndertowSession$3.handleEvent(UndertowSession.java:396) ~[undertow-websockets-jsr-2.0.26.Final.jar!/:2.0.26.Final]
	at io.undertow.websockets.jsr.UndertowSession$3.handleEvent(UndertowSession.java:388) ~[undertow-websockets-jsr-2.0.26.Final.jar!/:2.0.26.Final]
	at org.xnio.ChannelListeners.invokeChannelListener(ChannelListeners.java:92) ~[xnio-api-3.3.8.Final.jar!/:3.3.8.Final]
	at io.undertow.server.protocol.framed.AbstractFramedChannel$FrameCloseListener.handleEvent(AbstractFramedChannel.java:1063) ~[undertow-core-2.0.26.Final.jar!/:2.0.26.Final]
	at io.undertow.server.protocol.framed.AbstractFramedChannel$FrameCloseListener.handleEvent(AbstractFramedChannel.java:978) ~[undertow-core-2.0.26.Final.jar!/:2.0.26.Final]
	at org.xnio.ChannelListeners.invokeChannelListener(ChannelListeners.java:92) ~[xnio-api-3.3.8.Final.jar!/:3.3.8.Final]
	at org.xnio.conduits.WriteReadyHandler$ChannelListenerHandler.terminated(WriteReadyHandler.java:70) ~[xnio-api-3.3.8.Final.jar!/:3.3.8.Final]
	at org.xnio.nio.NioSocketConduit.writeTerminated(NioSocketConduit.java:234) ~[xnio-nio-3.3.8.Final.jar!/:3.3.8.Final]
	at org.xnio.nio.NioSocketConduit.terminateWrites(NioSocketConduit.java:223) ~[xnio-nio-3.3.8.Final.jar!/:3.3.8.Final]
	at org.xnio.nio.NioSocketConduit.truncateWrites(NioSocketConduit.java:228) ~[xnio-nio-3.3.8.Final.jar!/:3.3.8.Final]
	at io.undertow.conduits.IdleTimeoutConduit.truncateWrites(IdleTimeoutConduit.java:387) ~[undertow-core-2.0.26.Final.jar!/:2.0.26.Final]
	at org.xnio.conduits.ConduitStreamSinkChannel.close(ConduitStreamSinkChannel.java:186) ~[xnio-api-3.3.8.Final.jar!/:3.3.8.Final]
	at org.xnio.IoUtils.safeClose(IoUtils.java:134) ~[xnio-api-3.3.8.Final.jar!/:3.3.8.Final]
	at org.xnio.conduits.WriteReadyHandler$ChannelListenerHandler.forceTermination(WriteReadyHandler.java:57) ~[xnio-api-3.3.8.Final.jar!/:3.3.8.Final]
	at org.xnio.nio.NioSocketConduit.forceTermination(NioSocketConduit.java:107) ~[xnio-nio-3.3.8.Final.jar!/:3.3.8.Final]
	at org.xnio.nio.WorkerThread.run(WorkerThread.java:494) ~[xnio-nio-3.3.8.Final.jar!/:3.3.8.Final]

2020-10-24 00:58:37.373  INFO 5228 --- [main] lavalink.server.Launcher                 : 

[32m       .  [31m _                  _ _       _    [32m__ _ _
[32m      /\\ [31m| | __ ___   ____ _| (_)_ __ | | __[32m\ \ \ \
[32m     ( ( )[31m| |/ _` \ \ / / _` | | | '_ \| |/ /[32m \ \ \ \
[32m      \\/ [31m| | (_| |\ V / (_| | | | | | |   < [32m  ) ) ) )
[32m       '  [31m|_|\__,_| \_/ \__,_|_|_|_| |_|_|\_\[32m / / / /
[0m    =========================================[32m/_/_/_/[0m

	Version:        3.3.1.4
	Build:          1111
	Build time:     09.10.2020 14:42:03 UTC
	Branch          master
	Commit:         19972c2
	Commit time:    04.10.2020 15:12:22 UTC
	JVM:            13.0.2
	Lavaplayer      1.3.54.3

2020-10-24 00:58:37.495  INFO 5228 --- [main] lavalink.server.Launcher                 : Starting Launcher on DESKTOP-CUVFBJA with PID 5228 (D:\SchoolBot\Lavalink.jar started by VIRUS in D:\SchoolBot)
2020-10-24 00:58:37.500  INFO 5228 --- [main] lavalink.server.Launcher                 : No active profile set, falling back to default profiles: default
2020-10-24 00:58:37.626  WARN 5228 --- [background-preinit] o.s.h.c.j.Jackson2ObjectMapperBuilder    : For Jackson Kotlin classes support please add "com.fasterxml.jackson.module:jackson-module-kotlin" to the classpath
2020-10-24 00:58:39.136  WARN 5228 --- [main] io.undertow.websockets.jsr               : UT026010: Buffer pool was not set on WebSocketDeploymentInfo, the default pool will be used
2020-10-24 00:58:39.168  INFO 5228 --- [main] io.undertow.servlet                      : Initializing Spring embedded WebApplicationContext
2020-10-24 00:58:39.169  INFO 5228 --- [main] o.s.web.context.ContextLoader            : Root WebApplicationContext: initialization completed in 1606 ms
2020-10-24 00:58:39.625  WARN 5228 --- [main] l.server.config.SentryConfiguration      : Turning off sentry
2020-10-24 00:58:39.636  INFO 5228 --- [main] l.s.c.AudioSendFactoryConfiguration      : OS: Windows 10, Arch: amd64
2020-10-24 00:58:39.637  INFO 5228 --- [main] l.s.c.AudioSendFactoryConfiguration      : JDA-NAS supported system detected. Enabled native audio sending.
2020-10-24 00:58:39.638  INFO 5228 --- [main] l.s.c.AudioSendFactoryConfiguration      : Setting buffer to 400ms
2020-10-24 00:58:39.641  INFO 5228 --- [main] l.s.c.AudioSendFactoryConfiguration      : Setting playlist load limit to 6
2020-10-24 00:58:39.973  INFO 5228 --- [main] c.s.d.l.tools.GarbageCollectionMonitor   : GC monitoring enabled, reporting results every 2 minutes.
2020-10-24 00:58:40.665  INFO 5228 --- [main] o.s.s.concurrent.ThreadPoolTaskExecutor  : Initializing ExecutorService 'applicationTaskExecutor'
2020-10-24 00:58:41.675  INFO 5228 --- [main] org.xnio                                 : XNIO version 3.3.8.Final
2020-10-24 00:58:41.691  INFO 5228 --- [main] org.xnio.nio                             : XNIO NIO Implementation Version 3.3.8.Final
2020-10-24 00:58:41.907  INFO 5228 --- [main] o.s.b.w.e.u.UndertowServletWebServer     : Undertow started on port(s) 2333 (http) with context path ''
2020-10-24 00:58:41.916  INFO 5228 --- [main] lavalink.server.Launcher                 : Started Launcher in 5.074 seconds (JVM running for 5.611)
2020-10-24 00:58:50.304  INFO 5228 --- [XNIO-1 task-1] io.undertow.servlet                      : Initializing Spring DispatcherServlet 'dispatcherServlet'
2020-10-24 00:58:50.305  INFO 5228 --- [XNIO-1 task-1] o.s.web.servlet.DispatcherServlet        : Initializing Servlet 'dispatcherServlet'
2020-10-24 00:58:50.314  INFO 5228 --- [XNIO-1 task-1] o.s.web.servlet.DispatcherServlet        : Completed initialization in 7 ms
2020-10-24 00:58:50.336  INFO 5228 --- [XNIO-1 task-1] l.server.io.HandshakeInterceptorImpl     : Incoming connection from /127.0.0.1:51756
2020-10-24 00:58:50.475  INFO 5228 --- [XNIO-1 task-1] lavalink.server.io.SocketServer          : Connection successfully established from /127.0.0.1:51756
2020-10-24 00:58:50.498  INFO 5228 --- [XNIO-1 I/O-4] lavalink.server.io.SocketServer          : {"op": "configureResuming", "key": "default-node", "timeout": 60}
2020-10-24 00:59:34.377  INFO 5228 --- [XNIO-1 task-2] l.server.player.AudioLoaderRestHandler   : GET /loadtracks
2020-10-24 00:59:34.755  INFO 5228 --- [XNIO-1 I/O-4] lavalink.server.io.SocketServer          : {"op": "voiceUpdate", "guildId": "764154090221207612", "sessionId": "48888987524b972df99cf83d5a86fa7a", "event": {"token": "7e516ca91a773db7", "guild_id": "764154090221207612", "endpoint": "eu-central5981.discord.media:443"}}
2020-10-24 00:59:34.826  INFO 5228 --- [parallel-2] com.jcabi.manifests.Manifests            : 73 attributes loaded from 85 stream(s) in 46ms, 73 saved, 1241 ignored: ["Ant-Version", "Archiver-Version", "Automatic-Module-Name", "Bnd-LastModified", "Build-Jdk", "Build-Jdk-Spec", "Build-Time", "Built-By", "Bundle-ActivationPolicy", "Bundle-Activator", "Bundle-Category", "Bundle-Description", "Bundle-DocURL", "Bundle-License", "Bundle-ManifestVersion", "Bundle-Name", "Bundle-NativeCode", "Bundle-RequiredExecutionEnvironment", "Bundle-SymbolicName", "Bundle-Vendor", "Bundle-Version", "Copyright", "Created-By", "Export-Package", "Extension-Name", "Git-Revision", "Implementation-Build", "Implementation-Build-Date", "Implementation-Title", "Implementation-URL", "Implementation-Vendor", "Implementation-Vendor-Id", "Implementation-Version", "Import-Package", "Include-Resource", "JCabi-Build", "JCabi-Date", "JCabi-Version", "Jar-Name", "Jar-Version", "Java-Vendor", "Java-Version", "Kotlin-Runtime-Component", "Kotlin-Version", "Log4jReleaseKey", "Log4jReleaseManager", "Log4jReleaseVersion", "Magma-Version", "Main-Class", "Manifest-Version", "Multi-Release", "Originally-Created-By", "Os-Arch", "Os-Name", "Os-Version", "Private-Package", "Provide-Capability", "Require-Bundle", "Require-Capability", "Scm-Connection", "Scm-Revision", "Scm-Url", "Specification-Title", "Specification-Vendor", "Specification-Version", "Spring-Boot-Classes", "Spring-Boot-Lib", "Spring-Boot-Version", "Start-Class", "Tool", "X-Compile-Source-JDK", "X-Compile-Target-JDK", "url"]
2020-10-24 00:59:35.319  INFO 5228 --- [lava-daemon-pool-info-loader-2-thread-1] lavalink.server.player.AudioLoader       : Loaded track Rick Astley - Never Gonna Give You Up (Video)
2020-10-24 00:59:35.846  INFO 5228 --- [XNIO-1 I/O-4] lavalink.server.io.SocketServer          : {"op": "play", "guildId": "764154090221207612", "track": "QAAAlQIALVJpY2sgQXN0bGV5IC0gTmV2ZXIgR29ubmEgR2l2ZSBZb3UgVXAgKFZpZGVvKQAOUmlja0FzdGxleVZFVk8AAAAAAAM8IAALZFF3NHc5V2dYY1EAAQAraHR0cHM6Ly93d3cueW91dHViZS5jb20vd2F0Y2g/dj1kUXc0dzlXZ1hjUQAHeW91dHViZQAAAAAAAAAA"}
2020-10-24 00:59:36.326 ERROR 5228 --- [lava-daemon-pool-playback-1-thread-1] c.s.d.l.t.p.LocalAudioTrackExecutor      : Error in playback of dQw4w9WgXcQ

com.sedmelluq.discord.lavaplayer.tools.FriendlyException: Something broke when playing the track.
	at com.sedmelluq.discord.lavaplayer.tools.ExceptionTools.wrapUnfriendlyExceptions(ExceptionTools.java:43) ~[lavaplayer-1.3.54.3.jar!/:na]
	at com.sedmelluq.discord.lavaplayer.track.playback.LocalAudioTrackExecutor.execute(LocalAudioTrackExecutor.java:117) ~[lavaplayer-1.3.54.3.jar!/:na]
	at com.sedmelluq.discord.lavaplayer.player.DefaultAudioPlayerManager.lambda$executeTrack$1(DefaultAudioPlayerManager.java:349) ~[lavaplayer-1.3.54.3.jar!/:na]
	at java.base/java.util.concurrent.ThreadPoolExecutor.runWorker(ThreadPoolExecutor.java:1128) ~[na:na]
	at java.base/java.util.concurrent.ThreadPoolExecutor$Worker.run(ThreadPoolExecutor.java:628) ~[na:na]
	at java.base/java.lang.Thread.run(Thread.java:830) ~[na:na]
Caused by: java.lang.NullPointerException: null
	at java.base/java.util.concurrent.ConcurrentHashMap.get(ConcurrentHashMap.java:936) ~[na:na]
	at com.sedmelluq.discord.lavaplayer.source.youtube.YoutubeSignatureCipherManager.getCipherKeyFromScript(YoutubeSignatureCipherManager.java:136) ~[lavaplayer-1.3.54.3.jar!/:na]
	at com.sedmelluq.discord.lavaplayer.source.youtube.YoutubeSignatureCipherManager.resolveFormatUrl(YoutubeSignatureCipherManager.java:103) ~[lavaplayer-1.3.54.3.jar!/:na]
	at com.sedmelluq.discord.lavaplayer.source.youtube.YoutubeAudioTrack.loadBestFormatWithUrl(YoutubeAudioTrack.java:87) ~[lavaplayer-1.3.54.3.jar!/:na]
	at com.sedmelluq.discord.lavaplayer.source.youtube.YoutubeAudioTrack.process(YoutubeAudioTrack.java:42) ~[lavaplayer-1.3.54.3.jar!/:na]
	at com.sedmelluq.discord.lavaplayer.track.playback.LocalAudioTrackExecutor.execute(LocalAudioTrackExecutor.java:105) ~[lavaplayer-1.3.54.3.jar!/:na]
	... 4 common frames omitted

2020-10-24 00:59:36.330  INFO 5228 --- [XNIO-1 I/O-4] lavalink.server.io.SocketServer          : {"op": "stop", "guildId": "764154090221207612"}
2020-10-24 00:59:36.636  INFO 5228 --- [parallel-4] s.n.m.impl.connections.AudioWebSocket    : Websocket to wss://eu-central5981.discord.media:443/?v=4 closed with code 4014 and reason Disconnected.
2020-10-24 00:59:36.637  INFO 5228 --- [parallel-4] s.n.m.impl.connections.AudioWebSocket    : Closing
2020-10-24 01:00:16.400  INFO 5228 --- [XNIO-1 I/O-4] lavalink.server.io.SocketServer          : Connection closed from /127.0.0.1:51756 with status CloseStatus[code=1006, reason=] -- Session can be resumed within the next 60 seconds with key default-node
2020-10-24 01:00:21.856  INFO 5228 --- [XNIO-1 task-4] l.server.io.HandshakeInterceptorImpl     : Incoming connection from /127.0.0.1:51805
2020-10-24 01:00:21.864  INFO 5228 --- [XNIO-1 task-4] lavalink.server.io.SocketServer          : Connection successfully established from /127.0.0.1:51805
2020-10-24 01:00:21.865  INFO 5228 --- [XNIO-1 I/O-1] lavalink.server.io.SocketServer          : {"op": "configureResuming", "key": "default-node", "timeout": 60}
2020-10-24 01:00:23.705  INFO 5228 --- [XNIO-1 task-5] l.server.player.AudioLoaderRestHandler   : GET /loadtracks
2020-10-24 01:00:24.111  INFO 5228 --- [XNIO-1 I/O-1] lavalink.server.io.SocketServer          : {"op": "voiceUpdate", "guildId": "764154090221207612", "sessionId": "a7989ea40a9eb912dcd31cd4bc11f561", "event": {"token": "f58ad24087ac9dda", "guild_id": "764154090221207612", "endpoint": "eu-central5981.discord.media:443"}}
2020-10-24 01:00:24.153  INFO 5228 --- [lava-daemon-pool-info-loader-2-thread-1] lavalink.server.player.AudioLoader       : Loaded track Rick Astley - Never Gonna Give You Up (Video)
2020-10-24 01:00:24.549  INFO 5228 --- [XNIO-1 I/O-1] lavalink.server.io.SocketServer          : {"op": "play", "guildId": "764154090221207612", "track": "QAAAlQIALVJpY2sgQXN0bGV5IC0gTmV2ZXIgR29ubmEgR2l2ZSBZb3UgVXAgKFZpZGVvKQAOUmlja0FzdGxleVZFVk8AAAAAAAM8IAALZFF3NHc5V2dYY1EAAQAraHR0cHM6Ly93d3cueW91dHViZS5jb20vd2F0Y2g/dj1kUXc0dzlXZ1hjUQAHeW91dHViZQAAAAAAAAAA"}
2020-10-24 01:01:11.569  INFO 5228 --- [XNIO-1 I/O-1] lavalink.server.io.SocketServer          : {"op": "pause", "guildId": "764154090221207612", "pause": true}
2020-10-24 01:01:14.835  INFO 5228 --- [XNIO-1 I/O-1] lavalink.server.io.SocketServer          : {"op": "stop", "guildId": "764154090221207612"}
2020-10-24 01:01:15.130  INFO 5228 --- [parallel-1] s.n.m.impl.connections.AudioWebSocket    : Websocket to wss://eu-central5981.discord.media:443/?v=4 closed with code 4014 and reason Disconnected.
2020-10-24 01:01:15.131  INFO 5228 --- [parallel-1] s.n.m.impl.connections.AudioWebSocket    : Closing
2020-10-24 01:01:16.417  INFO 5228 --- [pool-2-thread-1] lavalink.server.io.SocketContext         : Shutting down 0 playing players.
2020-10-24 01:01:28.935  INFO 5228 --- [XNIO-1 I/O-1] lavalink.server.io.SocketServer          : Connection closed from /127.0.0.1:51805 with status CloseStatus[code=1006, reason=] -- Session can be resumed within the next 60 seconds with key default-node
2020-10-24 01:01:34.195  INFO 5228 --- [XNIO-1 task-7] l.server.io.HandshakeInterceptorImpl     : Incoming connection from /127.0.0.1:51828
2020-10-24 01:01:34.205  INFO 5228 --- [XNIO-1 task-7] lavalink.server.io.SocketServer          : Connection successfully established from /127.0.0.1:51828
2020-10-24 01:01:34.206  INFO 5228 --- [XNIO-1 I/O-4] lavalink.server.io.SocketServer          : {"op": "configureResuming", "key": "default-node", "timeout": 60}
2020-10-24 01:01:43.047  INFO 5228 --- [XNIO-1 task-8] l.server.player.AudioLoaderRestHandler   : GET /loadtracks
2020-10-24 01:01:43.450  INFO 5228 --- [XNIO-1 I/O-4] lavalink.server.io.SocketServer          : {"op": "voiceUpdate", "guildId": "764154090221207612", "sessionId": "4055fdc61d7b83a42bebd1d63d15df93", "event": {"token": "3bbc6b46c5f07ef4", "guild_id": "764154090221207612", "endpoint": "eu-central5981.discord.media:443"}}
2020-10-24 01:01:43.714  INFO 5228 --- [lava-daemon-pool-info-loader-2-thread-1] lavalink.server.player.AudioLoader       : Loaded track Rick Astley - Never Gonna Give You Up (Video)
2020-10-24 01:01:44.078  INFO 5228 --- [XNIO-1 I/O-4] lavalink.server.io.SocketServer          : {"op": "play", "guildId": "764154090221207612", "track": "QAAAlQIALVJpY2sgQXN0bGV5IC0gTmV2ZXIgR29ubmEgR2l2ZSBZb3UgVXAgKFZpZGVvKQAOUmlja0FzdGxleVZFVk8AAAAAAAM8IAALZFF3NHc5V2dYY1EAAQAraHR0cHM6Ly93d3cueW91dHViZS5jb20vd2F0Y2g/dj1kUXc0dzlXZ1hjUQAHeW91dHViZQAAAAAAAAAA"}
2020-10-24 01:02:22.638  INFO 5484 --- [main] lavalink.server.Launcher                 : 

[32m       .  [31m _                  _ _       _    [32m__ _ _
[32m      /\\ [31m| | __ ___   ____ _| (_)_ __ | | __[32m\ \ \ \
[32m     ( ( )[31m| |/ _` \ \ / / _` | | | '_ \| |/ /[32m \ \ \ \
[32m      \\/ [31m| | (_| |\ V / (_| | | | | | |   < [32m  ) ) ) )
[32m       '  [31m|_|\__,_| \_/ \__,_|_|_|_| |_|_|\_\[32m / / / /
[0m    =========================================[32m/_/_/_/[0m

	Version:        3.3.1.4
	Build:          1111
	Build time:     09.10.2020 14:42:03 UTC
	Branch          master
	Commit:         19972c2
	Commit time:    04.10.2020 15:12:22 UTC
	JVM:            13.0.2
	Lavaplayer      1.3.54.3

2020-10-24 01:02:22.772  INFO 5484 --- [main] lavalink.server.Launcher                 : Starting Launcher on DESKTOP-CUVFBJA with PID 5484 (D:\SchoolBot\Lavalink.jar started by VIRUS in D:\SchoolBot)
2020-10-24 01:02:22.774  INFO 5484 --- [main] lavalink.server.Launcher                 : No active profile set, falling back to default profiles: default
2020-10-24 01:02:22.903  WARN 5484 --- [background-preinit] o.s.h.c.j.Jackson2ObjectMapperBuilder    : For Jackson Kotlin classes support please add "com.fasterxml.jackson.module:jackson-module-kotlin" to the classpath
2020-10-24 01:02:24.411  WARN 5484 --- [main] io.undertow.websockets.jsr               : UT026010: Buffer pool was not set on WebSocketDeploymentInfo, the default pool will be used
2020-10-24 01:02:24.441  INFO 5484 --- [main] io.undertow.servlet                      : Initializing Spring embedded WebApplicationContext
2020-10-24 01:02:24.441  INFO 5484 --- [main] o.s.web.context.ContextLoader            : Root WebApplicationContext: initialization completed in 1608 ms
2020-10-24 01:02:24.828  WARN 5484 --- [main] l.server.config.SentryConfiguration      : Turning off sentry
2020-10-24 01:02:24.838  INFO 5484 --- [main] l.s.c.AudioSendFactoryConfiguration      : OS: Windows 10, Arch: amd64
2020-10-24 01:02:24.838  INFO 5484 --- [main] l.s.c.AudioSendFactoryConfiguration      : JDA-NAS supported system detected. Enabled native audio sending.
2020-10-24 01:02:24.839  INFO 5484 --- [main] l.s.c.AudioSendFactoryConfiguration      : Setting buffer to 400ms
2020-10-24 01:02:24.840  INFO 5484 --- [main] l.s.c.AudioSendFactoryConfiguration      : Setting playlist load limit to 6
2020-10-24 01:02:25.157  INFO 5484 --- [main] c.s.d.l.tools.GarbageCollectionMonitor   : GC monitoring enabled, reporting results every 2 minutes.
2020-10-24 01:02:25.672  INFO 5484 --- [main] o.s.s.concurrent.ThreadPoolTaskExecutor  : Initializing ExecutorService 'applicationTaskExecutor'
2020-10-24 01:02:26.183  INFO 5484 --- [main] org.xnio                                 : XNIO version 3.3.8.Final
2020-10-24 01:02:26.194  INFO 5484 --- [main] org.xnio.nio                             : XNIO NIO Implementation Version 3.3.8.Final
2020-10-24 01:02:26.406  INFO 5484 --- [main] o.s.b.w.e.u.UndertowServletWebServer     : Undertow started on port(s) 2333 (http) with context path ''
2020-10-24 01:02:26.410  INFO 5484 --- [main] lavalink.server.Launcher                 : Started Launcher in 4.327 seconds (JVM running for 4.876)
2020-10-24 01:02:45.681  INFO 5484 --- [XNIO-1 task-1] io.undertow.servlet                      : Initializing Spring DispatcherServlet 'dispatcherServlet'
2020-10-24 01:02:45.682  INFO 5484 --- [XNIO-1 task-1] o.s.web.servlet.DispatcherServlet        : Initializing Servlet 'dispatcherServlet'
2020-10-24 01:02:45.690  INFO 5484 --- [XNIO-1 task-1] o.s.web.servlet.DispatcherServlet        : Completed initialization in 8 ms
2020-10-24 01:02:45.713  INFO 5484 --- [XNIO-1 task-1] l.server.io.HandshakeInterceptorImpl     : Incoming connection from /127.0.0.1:51854
2020-10-24 01:02:45.846  INFO 5484 --- [XNIO-1 task-1] lavalink.server.io.SocketServer          : Connection successfully established from /127.0.0.1:51854
2020-10-24 01:02:45.866  INFO 5484 --- [XNIO-1 I/O-2] lavalink.server.io.SocketServer          : {"op": "destroy", "guildId": "764154090221207612"}
2020-10-24 01:02:45.875  INFO 5484 --- [XNIO-1 I/O-2] lavalink.server.io.SocketServer          : {"op": "voiceUpdate", "guildId": "764154090221207612", "sessionId": "4055fdc61d7b83a42bebd1d63d15df93", "event": {"token": "3bbc6b46c5f07ef4", "guild_id": "764154090221207612", "endpoint": "eu-central5981.discord.media:443"}}
2020-10-24 01:02:45.881  INFO 5484 --- [XNIO-1 I/O-2] lavalink.server.io.SocketServer          : {"op": "play", "guildId": "764154090221207612", "track": "QAAAlQIALVJpY2sgQXN0bGV5IC0gTmV2ZXIgR29ubmEgR2l2ZSBZb3UgVXAgKFZpZGVvKQAOUmlja0FzdGxleVZFVk8AAAAAAAM8IAALZFF3NHc5V2dYY1EAAQAraHR0cHM6Ly93d3cueW91dHViZS5jb20vd2F0Y2g/dj1kUXc0dzlXZ1hjUQAHeW91dHViZQAAAAAAAAAA", "startTime": 61713.41259765625}
2020-10-24 01:02:46.032  INFO 5484 --- [parallel-2] com.jcabi.manifests.Manifests            : 73 attributes loaded from 85 stream(s) in 120ms, 73 saved, 1241 ignored: ["Ant-Version", "Archiver-Version", "Automatic-Module-Name", "Bnd-LastModified", "Build-Jdk", "Build-Jdk-Spec", "Build-Time", "Built-By", "Bundle-ActivationPolicy", "Bundle-Activator", "Bundle-Category", "Bundle-Description", "Bundle-DocURL", "Bundle-License", "Bundle-ManifestVersion", "Bundle-Name", "Bundle-NativeCode", "Bundle-RequiredExecutionEnvironment", "Bundle-SymbolicName", "Bundle-Vendor", "Bundle-Version", "Copyright", "Created-By", "Export-Package", "Extension-Name", "Git-Revision", "Implementation-Build", "Implementation-Build-Date", "Implementation-Title", "Implementation-URL", "Implementation-Vendor", "Implementation-Vendor-Id", "Implementation-Version", "Import-Package", "Include-Resource", "JCabi-Build", "JCabi-Date", "JCabi-Version", "Jar-Name", "Jar-Version", "Java-Vendor", "Java-Version", "Kotlin-Runtime-Component", "Kotlin-Version", "Log4jReleaseKey", "Log4jReleaseManager", "Log4jReleaseVersion", "Magma-Version", "Main-Class", "Manifest-Version", "Multi-Release", "Originally-Created-By", "Os-Arch", "Os-Name", "Os-Version", "Private-Package", "Provide-Capability", "Require-Bundle", "Require-Capability", "Scm-Connection", "Scm-Revision", "Scm-Url", "Specification-Title", "Specification-Vendor", "Specification-Version", "Spring-Boot-Classes", "Spring-Boot-Lib", "Spring-Boot-Version", "Start-Class", "Tool", "X-Compile-Source-JDK", "X-Compile-Target-JDK", "url"]
2020-10-24 01:03:39.563  INFO 5484 --- [XNIO-1 I/O-2] lavalink.server.io.SocketServer          : Connection closed from /127.0.0.1:51854 -- CloseStatus[code=1006, reason=]
2020-10-24 01:03:39.563  INFO 5484 --- [XNIO-1 I/O-2] lavalink.server.io.SocketContext         : Shutting down 1 playing players.
2020-10-24 01:03:53.184  INFO 5484 --- [XNIO-1 task-2] l.server.io.HandshakeInterceptorImpl     : Incoming connection from /127.0.0.1:51871
2020-10-24 01:03:53.191  INFO 5484 --- [XNIO-1 task-2] lavalink.server.io.SocketServer          : Connection successfully established from /127.0.0.1:51871
2020-10-24 01:03:53.192  INFO 5484 --- [XNIO-1 I/O-3] lavalink.server.io.SocketServer          : {"op": "configureResuming", "key": "default-node", "timeout": 60}
2020-10-24 01:04:05.520  INFO 5484 --- [XNIO-1 task-3] l.server.player.AudioLoaderRestHandler   : GET /loadtracks
2020-10-24 01:04:06.108  INFO 5484 --- [lava-daemon-pool-info-loader-2-thread-1] lavalink.server.player.AudioLoader       : Loaded playlist Search results for: ncs beats
2020-10-24 01:04:06.144  INFO 5484 --- [XNIO-1 I/O-3] lavalink.server.io.SocketServer          : {"op": "stop", "guildId": "764154090221207612"}
2020-10-24 01:09:33.334  INFO 5484 --- [XNIO-1 I/O-3] lavalink.server.io.SocketServer          : Connection closed from /127.0.0.1:51871 with status CloseStatus[code=1006, reason=] -- Session can be resumed within the next 60 seconds with key default-node
2020-10-24 01:09:38.235  INFO 5484 --- [XNIO-1 task-5] l.server.io.HandshakeInterceptorImpl     : Incoming connection from /127.0.0.1:51915
2020-10-24 01:09:38.243  INFO 5484 --- [XNIO-1 task-5] lavalink.server.io.SocketServer          : Connection successfully established from /127.0.0.1:51915
2020-10-24 01:09:38.244  INFO 5484 --- [XNIO-1 I/O-3] lavalink.server.io.SocketServer          : {"op": "configureResuming", "key": "default-node", "timeout": 60}
2020-10-24 01:09:47.945  INFO 5484 --- [XNIO-1 task-6] l.server.player.AudioLoaderRestHandler   : GET /loadtracks
2020-10-24 01:09:48.460  WARN 5484 --- [lava-daemon-pool-info-loader-2-thread-1] c.s.d.l.s.youtube.YoutubeSearchProvider  : Failed to match ytInitialData JSON object
2020-10-24 01:09:48.461  INFO 5484 --- [lava-daemon-pool-info-loader-2-thread-1] lavalink.server.player.AudioLoader       : No matches found
2020-10-24 01:09:48.833  INFO 5484 --- [XNIO-1 I/O-3] lavalink.server.io.SocketServer          : {"op": "stop", "guildId": "764154090221207612"}
2020-10-24 01:10:13.883  WARN 5484 --- [XNIO-1 I/O-3] lavalink.server.io.SocketServer          : Shutdown resumable session with key default-node because it has the same key as a newly disconnected resumable session.
2020-10-24 01:10:13.884  INFO 5484 --- [XNIO-1 I/O-3] lavalink.server.io.SocketContext         : Shutting down 0 playing players.
2020-10-24 01:10:13.885  INFO 5484 --- [XNIO-1 I/O-3] lavalink.server.io.SocketServer          : Connection closed from /127.0.0.1:51915 with status CloseStatus[code=1006, reason=] -- Session can be resumed within the next 60 seconds with key default-node
2020-10-24 01:10:18.993  INFO 5484 --- [XNIO-1 task-8] l.server.io.HandshakeInterceptorImpl     : Incoming connection from /127.0.0.1:51928
2020-10-24 01:10:18.999  INFO 5484 --- [XNIO-1 task-8] lavalink.server.io.SocketServer          : Connection successfully established from /127.0.0.1:51928
2020-10-24 01:10:19.000  INFO 5484 --- [XNIO-1 I/O-4] lavalink.server.io.SocketServer          : {"op": "configureResuming", "key": "default-node", "timeout": 60}
2020-10-24 01:10:31.527  INFO 5484 --- [XNIO-1 task-9] l.server.player.AudioLoaderRestHandler   : GET /loadtracks
2020-10-24 01:10:31.935  INFO 5484 --- [XNIO-1 I/O-4] lavalink.server.io.SocketServer          : {"op": "voiceUpdate", "guildId": "764154090221207612", "sessionId": "6be6d0f2e3b2e0f509f9176142f385ad", "event": {"token": "3d576350c045e4d3", "guild_id": "764154090221207612", "endpoint": "eu-central6682.discord.media:443"}}
2020-10-24 01:10:32.019  WARN 5484 --- [lava-daemon-pool-info-loader-2-thread-1] c.s.d.l.s.youtube.YoutubeSearchProvider  : Failed to match ytInitialData JSON object
2020-10-24 01:10:32.037  INFO 5484 --- [lava-daemon-pool-info-loader-2-thread-1] lavalink.server.player.AudioLoader       : No matches found
2020-10-24 01:10:32.496  INFO 5484 --- [XNIO-1 I/O-4] lavalink.server.io.SocketServer          : {"op": "stop", "guildId": "764154090221207612"}
2020-10-24 01:10:32.944  INFO 5484 --- [parallel-3] s.n.m.impl.connections.AudioWebSocket    : Websocket to wss://eu-central6682.discord.media:443/?v=4 closed with code 4006 and reason Session is no longer valid.
2020-10-24 01:10:32.946  WARN 5484 --- [parallel-3] s.n.m.impl.connections.AudioWebSocket    : Connection closed due to [4006 SESSION_NO_LONGER_VALID] Session is no longer valid.. This could indicate an issue with the magma library or your usage of it. Please get in touch. https://github.com/napstr/Magma/issues
2020-10-24 01:10:32.948  INFO 5484 --- [parallel-3] s.n.m.impl.connections.AudioWebSocket    : Closing
2020-10-24 01:10:33.336  INFO 5484 --- [pool-5-thread-1] lavalink.server.io.SocketContext         : Shutting down 0 playing players.
2020-10-24 01:10:42.674  INFO 5484 --- [XNIO-1 I/O-4] lavalink.server.io.SocketServer          : Connection closed from /127.0.0.1:51928 with status CloseStatus[code=1006, reason=] -- Session can be resumed within the next 60 seconds with key default-node
2020-10-24 01:10:47.694  INFO 5484 --- [XNIO-1 task-11] l.server.io.HandshakeInterceptorImpl     : Incoming connection from /127.0.0.1:51943
2020-10-24 01:10:47.700  INFO 5484 --- [XNIO-1 task-11] lavalink.server.io.SocketServer          : Connection successfully established from /127.0.0.1:51943
2020-10-24 01:10:47.701  INFO 5484 --- [XNIO-1 I/O-3] lavalink.server.io.SocketServer          : {"op": "configureResuming", "key": "default-node", "timeout": 60}
2020-10-24 01:11:10.507  INFO 5484 --- [XNIO-1 task-12] l.server.player.AudioLoaderRestHandler   : GET /loadtracks
2020-10-24 01:11:10.900  INFO 5484 --- [XNIO-1 I/O-3] lavalink.server.io.SocketServer          : {"op": "voiceUpdate", "guildId": "764154090221207612", "sessionId": "04abc4d151e86313f9dfb9b9ac8a427a", "event": {"token": "df01707f7f08c727", "guild_id": "764154090221207612", "endpoint": "eu-central6682.discord.media:443"}}
2020-10-24 01:11:11.040  WARN 5484 --- [lava-daemon-pool-info-loader-2-thread-1] c.s.d.l.s.youtube.YoutubeSearchProvider  : Failed to match ytInitialData JSON object
2020-10-24 01:11:11.041  INFO 5484 --- [lava-daemon-pool-info-loader-2-thread-1] lavalink.server.player.AudioLoader       : No matches found
2020-10-24 01:11:11.489  INFO 5484 --- [XNIO-1 I/O-3] lavalink.server.io.SocketServer          : {"op": "stop", "guildId": "764154090221207612"}
2020-10-24 01:11:11.836  INFO 5484 --- [parallel-3] s.n.m.impl.connections.AudioWebSocket    : Websocket to wss://eu-central6682.discord.media:443/?v=4 closed with code 4006 and reason Session is no longer valid.
2020-10-24 01:11:11.838  WARN 5484 --- [parallel-3] s.n.m.impl.connections.AudioWebSocket    : Connection closed due to [4006 SESSION_NO_LONGER_VALID] Session is no longer valid.. This could indicate an issue with the magma library or your usage of it. Please get in touch. https://github.com/napstr/Magma/issues
2020-10-24 01:11:11.838  INFO 5484 --- [parallel-3] s.n.m.impl.connections.AudioWebSocket    : Closing
2020-10-24 01:11:13.888  INFO 5484 --- [pool-6-thread-1] lavalink.server.io.SocketContext         : Shutting down 0 playing players.
2020-10-24 01:11:40.116  INFO 5484 --- [Thread-1] o.s.s.concurrent.ThreadPoolTaskExecutor  : Shutting down ExecutorService 'applicationTaskExecutor'
2020-10-24 01:11:40.119  INFO 5484 --- [Thread-1] c.s.d.l.tools.GarbageCollectionMonitor   : GC monitoring disabled.
2020-10-24 01:11:40.127  INFO 5484 --- [Thread-1] io.undertow.servlet                      : Destroying Spring FrameworkServlet 'dispatcherServlet'
2020-10-24 01:11:40.144 ERROR 5484 --- [XNIO-1 I/O-3] org.xnio.listener                        : XNIO001007: A channel event listener threw an exception

java.util.concurrent.RejectedExecutionException: XNIO007007: Thread is terminating
	at org.xnio.nio.WorkerThread.execute(WorkerThread.java:590) ~[xnio-nio-3.3.8.Final.jar!/:3.3.8.Final]
	at io.undertow.websockets.jsr.UndertowSession$3.handleEvent(UndertowSession.java:396) ~[undertow-websockets-jsr-2.0.26.Final.jar!/:2.0.26.Final]
	at io.undertow.websockets.jsr.UndertowSession$3.handleEvent(UndertowSession.java:388) ~[undertow-websockets-jsr-2.0.26.Final.jar!/:2.0.26.Final]
	at org.xnio.ChannelListeners.invokeChannelListener(ChannelListeners.java:92) ~[xnio-api-3.3.8.Final.jar!/:3.3.8.Final]
	at io.undertow.server.protocol.framed.AbstractFramedChannel$FrameCloseListener.handleEvent(AbstractFramedChannel.java:1063) ~[undertow-core-2.0.26.Final.jar!/:2.0.26.Final]
	at io.undertow.server.protocol.framed.AbstractFramedChannel$FrameCloseListener.handleEvent(AbstractFramedChannel.java:978) ~[undertow-core-2.0.26.Final.jar!/:2.0.26.Final]
	at org.xnio.ChannelListeners.invokeChannelListener(ChannelListeners.java:92) ~[xnio-api-3.3.8.Final.jar!/:3.3.8.Final]
	at org.xnio.conduits.WriteReadyHandler$ChannelListenerHandler.terminated(WriteReadyHandler.java:70) ~[xnio-api-3.3.8.Final.jar!/:3.3.8.Final]
	at org.xnio.nio.NioSocketConduit.writeTerminated(NioSocketConduit.java:234) ~[xnio-nio-3.3.8.Final.jar!/:3.3.8.Final]
	at org.xnio.nio.NioSocketConduit.terminateWrites(NioSocketConduit.java:223) ~[xnio-nio-3.3.8.Final.jar!/:3.3.8.Final]
	at org.xnio.nio.NioSocketConduit.truncateWrites(NioSocketConduit.java:228) ~[xnio-nio-3.3.8.Final.jar!/:3.3.8.Final]
	at io.undertow.conduits.IdleTimeoutConduit.truncateWrites(IdleTimeoutConduit.java:387) ~[undertow-core-2.0.26.Final.jar!/:2.0.26.Final]
	at org.xnio.conduits.ConduitStreamSinkChannel.close(ConduitStreamSinkChannel.java:186) ~[xnio-api-3.3.8.Final.jar!/:3.3.8.Final]
	at org.xnio.IoUtils.safeClose(IoUtils.java:134) ~[xnio-api-3.3.8.Final.jar!/:3.3.8.Final]
	at org.xnio.conduits.WriteReadyHandler$ChannelListenerHandler.forceTermination(WriteReadyHandler.java:57) ~[xnio-api-3.3.8.Final.jar!/:3.3.8.Final]
	at org.xnio.nio.NioSocketConduit.forceTermination(NioSocketConduit.java:107) ~[xnio-nio-3.3.8.Final.jar!/:3.3.8.Final]
	at org.xnio.nio.WorkerThread.run(WorkerThread.java:494) ~[xnio-nio-3.3.8.Final.jar!/:3.3.8.Final]

2020-10-24 01:11:57.343  INFO 7472 --- [main] lavalink.server.Launcher                 : 

[32m       .  [31m _                  _ _       _    [32m__ _ _
[32m      /\\ [31m| | __ ___   ____ _| (_)_ __ | | __[32m\ \ \ \
[32m     ( ( )[31m| |/ _` \ \ / / _` | | | '_ \| |/ /[32m \ \ \ \
[32m      \\/ [31m| | (_| |\ V / (_| | | | | | |   < [32m  ) ) ) )
[32m       '  [31m|_|\__,_| \_/ \__,_|_|_|_| |_|_|\_\[32m / / / /
[0m    =========================================[32m/_/_/_/[0m

	Version:        3.3.1.4
	Build:          1111
	Build time:     09.10.2020 14:42:03 UTC
	Branch          master
	Commit:         19972c2
	Commit time:    04.10.2020 15:12:22 UTC
	JVM:            13.0.2
	Lavaplayer      1.3.54.3

2020-10-24 01:11:57.488  INFO 7472 --- [main] lavalink.server.Launcher                 : Starting Launcher on DESKTOP-CUVFBJA with PID 7472 (D:\SchoolBot\Lavalink.jar started by VIRUS in D:\SchoolBot)
2020-10-24 01:11:57.489  INFO 7472 --- [main] lavalink.server.Launcher                 : No active profile set, falling back to default profiles: default
2020-10-24 01:11:57.616  WARN 7472 --- [background-preinit] o.s.h.c.j.Jackson2ObjectMapperBuilder    : For Jackson Kotlin classes support please add "com.fasterxml.jackson.module:jackson-module-kotlin" to the classpath
2020-10-24 01:11:59.461  WARN 7472 --- [main] io.undertow.websockets.jsr               : UT026010: Buffer pool was not set on WebSocketDeploymentInfo, the default pool will be used
2020-10-24 01:11:59.493  INFO 7472 --- [main] io.undertow.servlet                      : Initializing Spring embedded WebApplicationContext
2020-10-24 01:11:59.494  INFO 7472 --- [main] o.s.web.context.ContextLoader            : Root WebApplicationContext: initialization completed in 1934 ms
2020-10-24 01:12:00.005  WARN 7472 --- [main] l.server.config.SentryConfiguration      : Turning off sentry
2020-10-24 01:12:00.020  INFO 7472 --- [main] l.s.c.AudioSendFactoryConfiguration      : OS: Windows 10, Arch: amd64
2020-10-24 01:12:00.021  INFO 7472 --- [main] l.s.c.AudioSendFactoryConfiguration      : JDA-NAS supported system detected. Enabled native audio sending.
2020-10-24 01:12:00.022  INFO 7472 --- [main] l.s.c.AudioSendFactoryConfiguration      : Setting buffer to 400ms
2020-10-24 01:12:00.024  INFO 7472 --- [main] l.s.c.AudioSendFactoryConfiguration      : Setting playlist load limit to 6
2020-10-24 01:12:00.671  INFO 7472 --- [main] c.s.d.l.tools.GarbageCollectionMonitor   : GC monitoring enabled, reporting results every 2 minutes.
2020-10-24 01:12:01.202  INFO 7472 --- [main] o.s.s.concurrent.ThreadPoolTaskExecutor  : Initializing ExecutorService 'applicationTaskExecutor'
2020-10-24 01:12:01.583  INFO 7472 --- [main] org.xnio                                 : XNIO version 3.3.8.Final
2020-10-24 01:12:01.597  INFO 7472 --- [main] org.xnio.nio                             : XNIO NIO Implementation Version 3.3.8.Final
2020-10-24 01:12:01.798  INFO 7472 --- [main] o.s.b.w.e.u.UndertowServletWebServer     : Undertow started on port(s) 2333 (http) with context path ''
2020-10-24 01:12:01.803  INFO 7472 --- [main] lavalink.server.Launcher                 : Started Launcher in 5.038 seconds (JVM running for 5.585)
2020-10-24 01:12:14.299  INFO 7472 --- [XNIO-1 task-1] io.undertow.servlet                      : Initializing Spring DispatcherServlet 'dispatcherServlet'
2020-10-24 01:12:14.301  INFO 7472 --- [XNIO-1 task-1] o.s.web.servlet.DispatcherServlet        : Initializing Servlet 'dispatcherServlet'
2020-10-24 01:12:14.310  INFO 7472 --- [XNIO-1 task-1] o.s.web.servlet.DispatcherServlet        : Completed initialization in 8 ms
2020-10-24 01:12:14.332  INFO 7472 --- [XNIO-1 task-1] l.server.io.HandshakeInterceptorImpl     : Incoming connection from /127.0.0.1:51978
2020-10-24 01:12:14.458  INFO 7472 --- [XNIO-1 task-1] lavalink.server.io.SocketServer          : Connection successfully established from /127.0.0.1:51978
2020-10-24 01:12:14.477  INFO 7472 --- [XNIO-1 I/O-2] lavalink.server.io.SocketServer          : {"op": "destroy", "guildId": "764154090221207612"}
2020-10-24 01:12:59.488  INFO 7472 --- [XNIO-1 task-2] l.server.player.AudioLoaderRestHandler   : GET /loadtracks
2020-10-24 01:12:59.872  INFO 7472 --- [XNIO-1 I/O-2] lavalink.server.io.SocketServer          : {"op": "voiceUpdate", "guildId": "764154090221207612", "sessionId": "04abc4d151e86313f9dfb9b9ac8a427a", "event": {"token": "a4d493e7aca24328", "guild_id": "764154090221207612", "endpoint": "eu-central6682.discord.media:443"}}
2020-10-24 01:12:59.959  INFO 7472 --- [parallel-2] com.jcabi.manifests.Manifests            : 73 attributes loaded from 85 stream(s) in 59ms, 73 saved, 1241 ignored: ["Ant-Version", "Archiver-Version", "Automatic-Module-Name", "Bnd-LastModified", "Build-Jdk", "Build-Jdk-Spec", "Build-Time", "Built-By", "Bundle-ActivationPolicy", "Bundle-Activator", "Bundle-Category", "Bundle-Description", "Bundle-DocURL", "Bundle-License", "Bundle-ManifestVersion", "Bundle-Name", "Bundle-NativeCode", "Bundle-RequiredExecutionEnvironment", "Bundle-SymbolicName", "Bundle-Vendor", "Bundle-Version", "Copyright", "Created-By", "Export-Package", "Extension-Name", "Git-Revision", "Implementation-Build", "Implementation-Build-Date", "Implementation-Title", "Implementation-URL", "Implementation-Vendor", "Implementation-Vendor-Id", "Implementation-Version", "Import-Package", "Include-Resource", "JCabi-Build", "JCabi-Date", "JCabi-Version", "Jar-Name", "Jar-Version", "Java-Vendor", "Java-Version", "Kotlin-Runtime-Component", "Kotlin-Version", "Log4jReleaseKey", "Log4jReleaseManager", "Log4jReleaseVersion", "Magma-Version", "Main-Class", "Manifest-Version", "Multi-Release", "Originally-Created-By", "Os-Arch", "Os-Name", "Os-Version", "Private-Package", "Provide-Capability", "Require-Bundle", "Require-Capability", "Scm-Connection", "Scm-Revision", "Scm-Url", "Specification-Title", "Specification-Vendor", "Specification-Version", "Spring-Boot-Classes", "Spring-Boot-Lib", "Spring-Boot-Version", "Start-Class", "Tool", "X-Compile-Source-JDK", "X-Compile-Target-JDK", "url"]
2020-10-24 01:13:00.301  WARN 7472 --- [lava-daemon-pool-info-loader-2-thread-1] c.s.d.l.s.youtube.YoutubeSearchProvider  : Failed to match ytInitialData JSON object
2020-10-24 01:13:00.304  INFO 7472 --- [lava-daemon-pool-info-loader-2-thread-1] lavalink.server.player.AudioLoader       : No matches found
2020-10-24 01:13:00.781  INFO 7472 --- [XNIO-1 I/O-2] lavalink.server.io.SocketServer          : {"op": "stop", "guildId": "764154090221207612"}
2020-10-24 01:13:01.078  INFO 7472 --- [parallel-4] s.n.m.impl.connections.AudioWebSocket    : Websocket to wss://eu-central6682.discord.media:443/?v=4 closed with code 4014 and reason Disconnected.
2020-10-24 01:13:01.079  INFO 7472 --- [parallel-4] s.n.m.impl.connections.AudioWebSocket    : Closing
2020-10-24 01:13:10.720  INFO 7472 --- [XNIO-1 I/O-2] lavalink.server.io.SocketServer          : Connection closed from /127.0.0.1:51978 -- CloseStatus[code=1006, reason=]
2020-10-24 01:13:10.729  INFO 7472 --- [XNIO-1 I/O-2] lavalink.server.io.SocketContext         : Shutting down 0 playing players.
2020-10-24 01:13:15.549  INFO 7472 --- [XNIO-1 task-4] l.server.io.HandshakeInterceptorImpl     : Incoming connection from /127.0.0.1:51994
2020-10-24 01:13:15.557  INFO 7472 --- [XNIO-1 task-4] lavalink.server.io.SocketServer          : Connection successfully established from /127.0.0.1:51994
2020-10-24 01:13:15.558  INFO 7472 --- [XNIO-1 I/O-2] lavalink.server.io.SocketServer          : {"op": "configureResuming", "key": "default-node", "timeout": 60}
2020-10-24 01:13:36.608  INFO 7472 --- [XNIO-1 task-5] l.server.player.AudioLoaderRestHandler   : GET /loadtracks
2020-10-24 01:13:37.017  INFO 7472 --- [XNIO-1 I/O-2] lavalink.server.io.SocketServer          : {"op": "voiceUpdate", "guildId": "764154090221207612", "sessionId": "87b55cd4500eda76fa1e7a62f80671f6", "event": {"token": "eefa3c9b44b525d4", "guild_id": "764154090221207612", "endpoint": "eu-central6682.discord.media:443"}}
2020-10-24 01:13:37.148  WARN 7472 --- [lava-daemon-pool-info-loader-2-thread-1] c.s.d.l.s.youtube.YoutubeSearchProvider  : Failed to match ytInitialData JSON object
2020-10-24 01:13:37.173  INFO 7472 --- [lava-daemon-pool-info-loader-2-thread-1] lavalink.server.player.AudioLoader       : No matches found
2020-10-24 01:13:37.634  INFO 7472 --- [XNIO-1 I/O-2] lavalink.server.io.SocketServer          : {"op": "stop", "guildId": "764154090221207612"}
2020-10-24 01:13:37.995  INFO 7472 --- [parallel-1] s.n.m.impl.connections.AudioWebSocket    : Websocket to wss://eu-central6682.discord.media:443/?v=4 closed with code 4006 and reason Session is no longer valid.
2020-10-24 01:13:37.997  WARN 7472 --- [parallel-1] s.n.m.impl.connections.AudioWebSocket    : Connection closed due to [4006 SESSION_NO_LONGER_VALID] Session is no longer valid.. This could indicate an issue with the magma library or your usage of it. Please get in touch. https://github.com/napstr/Magma/issues
2020-10-24 01:13:37.997  INFO 7472 --- [parallel-1] s.n.m.impl.connections.AudioWebSocket    : Closing
2020-10-24 01:15:10.876  INFO 3440 --- [main] lavalink.server.Launcher                 : 

[32m       .  [31m _                  _ _       _    [32m__ _ _
[32m      /\\ [31m| | __ ___   ____ _| (_)_ __ | | __[32m\ \ \ \
[32m     ( ( )[31m| |/ _` \ \ / / _` | | | '_ \| |/ /[32m \ \ \ \
[32m      \\/ [31m| | (_| |\ V / (_| | | | | | |   < [32m  ) ) ) )
[32m       '  [31m|_|\__,_| \_/ \__,_|_|_|_| |_|_|\_\[32m / / / /
[0m    =========================================[32m/_/_/_/[0m

	Version:        3.3.1.4
	Build:          1111
	Build time:     09.10.2020 14:42:03 UTC
	Branch          master
	Commit:         19972c2
	Commit time:    04.10.2020 15:12:22 UTC
	JVM:            13.0.2
	Lavaplayer      1.3.54.3

2020-10-24 01:15:11.007  INFO 3440 --- [main] lavalink.server.Launcher                 : Starting Launcher on DESKTOP-CUVFBJA with PID 3440 (D:\SchoolBot\Lavalink.jar started by VIRUS in D:\SchoolBot)
2020-10-24 01:15:11.009  INFO 3440 --- [main] lavalink.server.Launcher                 : No active profile set, falling back to default profiles: default
2020-10-24 01:15:11.160  WARN 3440 --- [background-preinit] o.s.h.c.j.Jackson2ObjectMapperBuilder    : For Jackson Kotlin classes support please add "com.fasterxml.jackson.module:jackson-module-kotlin" to the classpath
2020-10-24 01:15:13.179  WARN 3440 --- [main] io.undertow.websockets.jsr               : UT026010: Buffer pool was not set on WebSocketDeploymentInfo, the default pool will be used
2020-10-24 01:15:13.218  INFO 3440 --- [main] io.undertow.servlet                      : Initializing Spring embedded WebApplicationContext
2020-10-24 01:15:13.218  INFO 3440 --- [main] o.s.web.context.ContextLoader            : Root WebApplicationContext: initialization completed in 2127 ms
2020-10-24 01:15:13.812  WARN 3440 --- [main] l.server.config.SentryConfiguration      : Turning off sentry
2020-10-24 01:15:13.824  INFO 3440 --- [main] l.s.c.AudioSendFactoryConfiguration      : OS: Windows 10, Arch: amd64
2020-10-24 01:15:13.827  INFO 3440 --- [main] l.s.c.AudioSendFactoryConfiguration      : JDA-NAS supported system detected. Enabled native audio sending.
2020-10-24 01:15:13.827  INFO 3440 --- [main] l.s.c.AudioSendFactoryConfiguration      : Setting buffer to 400ms
2020-10-24 01:15:13.828  INFO 3440 --- [main] l.s.c.AudioSendFactoryConfiguration      : Setting playlist load limit to 6
2020-10-24 01:15:14.195  INFO 3440 --- [main] c.s.d.l.tools.GarbageCollectionMonitor   : GC monitoring enabled, reporting results every 2 minutes.
2020-10-24 01:15:14.939  INFO 3440 --- [main] o.s.s.concurrent.ThreadPoolTaskExecutor  : Initializing ExecutorService 'applicationTaskExecutor'
2020-10-24 01:15:15.463  INFO 3440 --- [main] org.xnio                                 : XNIO version 3.3.8.Final
2020-10-24 01:15:15.488  INFO 3440 --- [main] org.xnio.nio                             : XNIO NIO Implementation Version 3.3.8.Final
2020-10-24 01:15:15.737  INFO 3440 --- [main] o.s.b.w.e.u.UndertowServletWebServer     : Undertow started on port(s) 2333 (http) with context path ''
2020-10-24 01:15:15.741  INFO 3440 --- [main] lavalink.server.Launcher                 : Started Launcher in 5.437 seconds (JVM running for 5.958)
2020-10-24 01:15:29.562  INFO 3440 --- [XNIO-1 task-1] io.undertow.servlet                      : Initializing Spring DispatcherServlet 'dispatcherServlet'
2020-10-24 01:15:29.562  INFO 3440 --- [XNIO-1 task-1] o.s.web.servlet.DispatcherServlet        : Initializing Servlet 'dispatcherServlet'
2020-10-24 01:15:29.570  INFO 3440 --- [XNIO-1 task-1] o.s.web.servlet.DispatcherServlet        : Completed initialization in 7 ms
2020-10-24 01:15:29.591  INFO 3440 --- [XNIO-1 task-1] l.server.io.HandshakeInterceptorImpl     : Incoming connection from /127.0.0.1:52029
2020-10-24 01:15:29.713  INFO 3440 --- [XNIO-1 task-1] lavalink.server.io.SocketServer          : Connection successfully established from /127.0.0.1:52029
2020-10-24 01:15:29.732  INFO 3440 --- [XNIO-1 I/O-1] lavalink.server.io.SocketServer          : {"op": "configureResuming", "key": "default-node", "timeout": 60}
2020-10-24 01:15:34.605  INFO 3440 --- [XNIO-1 task-2] l.server.player.AudioLoaderRestHandler   : GET /loadtracks
2020-10-24 01:15:34.986  INFO 3440 --- [XNIO-1 I/O-1] lavalink.server.io.SocketServer          : {"op": "voiceUpdate", "guildId": "764154090221207612", "sessionId": "78afb707060bbc494f6cee48efc82eb4", "event": {"token": "2fc8d95d098f1c87", "guild_id": "764154090221207612", "endpoint": "eu-central6682.discord.media:443"}}
2020-10-24 01:15:35.057  INFO 3440 --- [parallel-2] com.jcabi.manifests.Manifests            : 73 attributes loaded from 85 stream(s) in 43ms, 73 saved, 1241 ignored: ["Ant-Version", "Archiver-Version", "Automatic-Module-Name", "Bnd-LastModified", "Build-Jdk", "Build-Jdk-Spec", "Build-Time", "Built-By", "Bundle-ActivationPolicy", "Bundle-Activator", "Bundle-Category", "Bundle-Description", "Bundle-DocURL", "Bundle-License", "Bundle-ManifestVersion", "Bundle-Name", "Bundle-NativeCode", "Bundle-RequiredExecutionEnvironment", "Bundle-SymbolicName", "Bundle-Vendor", "Bundle-Version", "Copyright", "Created-By", "Export-Package", "Extension-Name", "Git-Revision", "Implementation-Build", "Implementation-Build-Date", "Implementation-Title", "Implementation-URL", "Implementation-Vendor", "Implementation-Vendor-Id", "Implementation-Version", "Import-Package", "Include-Resource", "JCabi-Build", "JCabi-Date", "JCabi-Version", "Jar-Name", "Jar-Version", "Java-Vendor", "Java-Version", "Kotlin-Runtime-Component", "Kotlin-Version", "Log4jReleaseKey", "Log4jReleaseManager", "Log4jReleaseVersion", "Magma-Version", "Main-Class", "Manifest-Version", "Multi-Release", "Originally-Created-By", "Os-Arch", "Os-Name", "Os-Version", "Private-Package", "Provide-Capability", "Require-Bundle", "Require-Capability", "Scm-Connection", "Scm-Revision", "Scm-Url", "Specification-Title", "Specification-Vendor", "Specification-Version", "Spring-Boot-Classes", "Spring-Boot-Lib", "Spring-Boot-Version", "Start-Class", "Tool", "X-Compile-Source-JDK", "X-Compile-Target-JDK", "url"]
2020-10-24 01:15:35.561  WARN 3440 --- [lava-daemon-pool-info-loader-2-thread-1] c.s.d.l.s.youtube.YoutubeSearchProvider  : Failed to match ytInitialData JSON object
2020-10-24 01:15:35.564  INFO 3440 --- [lava-daemon-pool-info-loader-2-thread-1] lavalink.server.player.AudioLoader       : No matches found
2020-10-24 01:15:36.057  INFO 3440 --- [XNIO-1 I/O-1] lavalink.server.io.SocketServer          : {"op": "stop", "guildId": "764154090221207612"}
2020-10-24 01:15:36.353  INFO 3440 --- [parallel-4] s.n.m.impl.connections.AudioWebSocket    : Websocket to wss://eu-central6682.discord.media:443/?v=4 closed with code 4014 and reason Disconnected.
2020-10-24 01:15:36.355  INFO 3440 --- [parallel-4] s.n.m.impl.connections.AudioWebSocket    : Closing
2020-10-24 01:16:07.785  INFO 4936 --- [main] lavalink.server.Launcher                 : 

[32m       .  [31m _                  _ _       _    [32m__ _ _
[32m      /\\ [31m| | __ ___   ____ _| (_)_ __ | | __[32m\ \ \ \
[32m     ( ( )[31m| |/ _` \ \ / / _` | | | '_ \| |/ /[32m \ \ \ \
[32m      \\/ [31m| | (_| |\ V / (_| | | | | | |   < [32m  ) ) ) )
[32m       '  [31m|_|\__,_| \_/ \__,_|_|_|_| |_|_|\_\[32m / / / /
[0m    =========================================[32m/_/_/_/[0m

	Version:        3.3.1.4
	Build:          1111
	Build time:     09.10.2020 14:42:03 UTC
	Branch          master
	Commit:         19972c2
	Commit time:    04.10.2020 15:12:22 UTC
	JVM:            13.0.2
	Lavaplayer      1.3.54.3

2020-10-24 01:16:07.913  INFO 4936 --- [main] lavalink.server.Launcher                 : Starting Launcher on DESKTOP-CUVFBJA with PID 4936 (D:\SchoolBot\Lavalink.jar started by VIRUS in D:\SchoolBot)
2020-10-24 01:16:07.915  INFO 4936 --- [main] lavalink.server.Launcher                 : No active profile set, falling back to default profiles: default
2020-10-24 01:16:08.056  WARN 4936 --- [background-preinit] o.s.h.c.j.Jackson2ObjectMapperBuilder    : For Jackson Kotlin classes support please add "com.fasterxml.jackson.module:jackson-module-kotlin" to the classpath
2020-10-24 01:16:10.214  WARN 4936 --- [main] io.undertow.websockets.jsr               : UT026010: Buffer pool was not set on WebSocketDeploymentInfo, the default pool will be used
2020-10-24 01:16:10.244  INFO 4936 --- [main] io.undertow.servlet                      : Initializing Spring embedded WebApplicationContext
2020-10-24 01:16:10.244  INFO 4936 --- [main] o.s.web.context.ContextLoader            : Root WebApplicationContext: initialization completed in 2257 ms
2020-10-24 01:16:10.635  WARN 4936 --- [main] l.server.config.SentryConfiguration      : Turning off sentry
2020-10-24 01:16:10.643  INFO 4936 --- [main] l.s.c.AudioSendFactoryConfiguration      : OS: Windows 10, Arch: amd64
2020-10-24 01:16:10.644  INFO 4936 --- [main] l.s.c.AudioSendFactoryConfiguration      : JDA-NAS supported system detected. Enabled native audio sending.
2020-10-24 01:16:10.644  INFO 4936 --- [main] l.s.c.AudioSendFactoryConfiguration      : Setting buffer to 400ms
2020-10-24 01:16:10.644  INFO 4936 --- [main] l.s.c.AudioSendFactoryConfiguration      : Setting playlist load limit to 6
2020-10-24 01:16:10.996  INFO 4936 --- [main] c.s.d.l.tools.GarbageCollectionMonitor   : GC monitoring enabled, reporting results every 2 minutes.
2020-10-24 01:16:11.678  INFO 4936 --- [main] o.s.s.concurrent.ThreadPoolTaskExecutor  : Initializing ExecutorService 'applicationTaskExecutor'
2020-10-24 01:16:12.542  INFO 4936 --- [main] org.xnio                                 : XNIO version 3.3.8.Final
2020-10-24 01:16:12.576  INFO 4936 --- [main] org.xnio.nio                             : XNIO NIO Implementation Version 3.3.8.Final
2020-10-24 01:16:12.884  INFO 4936 --- [main] o.s.b.w.e.u.UndertowServletWebServer     : Undertow started on port(s) 2333 (http) with context path ''
2020-10-24 01:16:12.889  INFO 4936 --- [main] lavalink.server.Launcher                 : Started Launcher in 5.794 seconds (JVM running for 6.313)
2020-10-24 01:16:13.005  INFO 4936 --- [XNIO-1 task-1] io.undertow.servlet                      : Initializing Spring DispatcherServlet 'dispatcherServlet'
2020-10-24 01:16:13.006  INFO 4936 --- [XNIO-1 task-1] o.s.web.servlet.DispatcherServlet        : Initializing Servlet 'dispatcherServlet'
2020-10-24 01:16:13.014  INFO 4936 --- [XNIO-1 task-1] o.s.web.servlet.DispatcherServlet        : Completed initialization in 8 ms
2020-10-24 01:16:13.043  INFO 4936 --- [XNIO-1 task-1] l.server.io.HandshakeInterceptorImpl     : Incoming connection from /127.0.0.1:52038
2020-10-24 01:16:13.210  INFO 4936 --- [XNIO-1 task-1] lavalink.server.io.SocketServer          : Connection successfully established from /127.0.0.1:52038
2020-10-24 01:16:13.228  INFO 4936 --- [XNIO-1 I/O-2] lavalink.server.io.SocketServer          : {"op": "destroy", "guildId": "764154090221207612"}
2020-10-24 01:16:14.517  INFO 4936 --- [XNIO-1 I/O-2] lavalink.server.io.SocketServer          : Connection closed from /127.0.0.1:52038 -- CloseStatus[code=1006, reason=]
2020-10-24 01:16:14.519  INFO 4936 --- [XNIO-1 I/O-2] lavalink.server.io.SocketContext         : Shutting down 0 playing players.
2020-10-24 01:16:21.238  INFO 4936 --- [XNIO-1 task-2] l.server.io.HandshakeInterceptorImpl     : Incoming connection from /127.0.0.1:52061
2020-10-24 01:16:21.247  INFO 4936 --- [XNIO-1 task-2] lavalink.server.io.SocketServer          : Connection successfully established from /127.0.0.1:52061
2020-10-24 01:16:21.249  INFO 4936 --- [XNIO-1 I/O-1] lavalink.server.io.SocketServer          : {"op": "configureResuming", "key": "default-node", "timeout": 60}
2020-10-24 01:16:48.258  INFO 4936 --- [XNIO-1 task-3] l.server.player.AudioLoaderRestHandler   : GET /loadtracks
2020-10-24 01:16:48.640  INFO 4936 --- [XNIO-1 I/O-1] lavalink.server.io.SocketServer          : {"op": "voiceUpdate", "guildId": "764154090221207612", "sessionId": "5815d1af49db5681b73d18e794acfa15", "event": {"token": "b54ad629f7ca8690", "guild_id": "764154090221207612", "endpoint": "eu-central6682.discord.media:443"}}
2020-10-24 01:16:48.766  INFO 4936 --- [parallel-4] com.jcabi.manifests.Manifests            : 73 attributes loaded from 85 stream(s) in 55ms, 73 saved, 1241 ignored: ["Ant-Version", "Archiver-Version", "Automatic-Module-Name", "Bnd-LastModified", "Build-Jdk", "Build-Jdk-Spec", "Build-Time", "Built-By", "Bundle-ActivationPolicy", "Bundle-Activator", "Bundle-Category", "Bundle-Description", "Bundle-DocURL", "Bundle-License", "Bundle-ManifestVersion", "Bundle-Name", "Bundle-NativeCode", "Bundle-RequiredExecutionEnvironment", "Bundle-SymbolicName", "Bundle-Vendor", "Bundle-Version", "Copyright", "Created-By", "Export-Package", "Extension-Name", "Git-Revision", "Implementation-Build", "Implementation-Build-Date", "Implementation-Title", "Implementation-URL", "Implementation-Vendor", "Implementation-Vendor-Id", "Implementation-Version", "Import-Package", "Include-Resource", "JCabi-Build", "JCabi-Date", "JCabi-Version", "Jar-Name", "Jar-Version", "Java-Vendor", "Java-Version", "Kotlin-Runtime-Component", "Kotlin-Version", "Log4jReleaseKey", "Log4jReleaseManager", "Log4jReleaseVersion", "Magma-Version", "Main-Class", "Manifest-Version", "Multi-Release", "Originally-Created-By", "Os-Arch", "Os-Name", "Os-Version", "Private-Package", "Provide-Capability", "Require-Bundle", "Require-Capability", "Scm-Connection", "Scm-Revision", "Scm-Url", "Specification-Title", "Specification-Vendor", "Specification-Version", "Spring-Boot-Classes", "Spring-Boot-Lib", "Spring-Boot-Version", "Start-Class", "Tool", "X-Compile-Source-JDK", "X-Compile-Target-JDK", "url"]
2020-10-24 01:16:49.241  WARN 4936 --- [lava-daemon-pool-info-loader-2-thread-1] c.s.d.l.s.youtube.YoutubeSearchProvider  : Failed to match ytInitialData JSON object
2020-10-24 01:16:49.244  INFO 4936 --- [lava-daemon-pool-info-loader-2-thread-1] lavalink.server.player.AudioLoader       : No matches found
2020-10-24 01:16:49.713  INFO 4936 --- [XNIO-1 I/O-1] lavalink.server.io.SocketServer          : {"op": "stop", "guildId": "764154090221207612"}
2020-10-24 01:16:50.009  INFO 4936 --- [parallel-2] s.n.m.impl.connections.AudioWebSocket    : Websocket to wss://eu-central6682.discord.media:443/?v=4 closed with code 4014 and reason Disconnected.
2020-10-24 01:16:50.011  INFO 4936 --- [parallel-2] s.n.m.impl.connections.AudioWebSocket    : Closing
2020-10-24 01:17:20.936  INFO 4936 --- [XNIO-1 task-5] l.server.player.AudioLoaderRestHandler   : GET /loadtracks
2020-10-24 01:17:21.343  INFO 4936 --- [XNIO-1 I/O-1] lavalink.server.io.SocketServer          : {"op": "voiceUpdate", "guildId": "764154090221207612", "sessionId": "5815d1af49db5681b73d18e794acfa15", "event": {"token": "ac722d44c1e40a64", "guild_id": "764154090221207612", "endpoint": "eu-central6682.discord.media:443"}}
2020-10-24 01:17:21.466  WARN 4936 --- [lava-daemon-pool-info-loader-2-thread-1] c.s.d.l.s.youtube.YoutubeSearchProvider  : Failed to match ytInitialData JSON object
2020-10-24 01:17:21.478  INFO 4936 --- [lava-daemon-pool-info-loader-2-thread-1] lavalink.server.player.AudioLoader       : No matches found
2020-10-24 01:17:21.910  INFO 4936 --- [XNIO-1 I/O-1] lavalink.server.io.SocketServer          : {"op": "stop", "guildId": "764154090221207612"}
2020-10-24 01:17:22.295  INFO 4936 --- [parallel-1] s.n.m.impl.connections.AudioWebSocket    : Websocket to wss://eu-central6682.discord.media:443/?v=4 closed with code 4006 and reason Session is no longer valid.
2020-10-24 01:17:22.296  WARN 4936 --- [parallel-1] s.n.m.impl.connections.AudioWebSocket    : Connection closed due to [4006 SESSION_NO_LONGER_VALID] Session is no longer valid.. This could indicate an issue with the magma library or your usage of it. Please get in touch. https://github.com/napstr/Magma/issues
2020-10-24 01:17:22.297  INFO 4936 --- [parallel-1] s.n.m.impl.connections.AudioWebSocket    : Closing
2020-10-24 01:19:52.827  INFO 4936 --- [XNIO-1 I/O-1] lavalink.server.io.SocketServer          : Connection closed from /127.0.0.1:52061 with status CloseStatus[code=1006, reason=] -- Session can be resumed within the next 60 seconds with key default-node
2020-10-24 09:34:36.876  INFO 5716 --- [main] lavalink.server.Launcher                 : 

[32m       .  [31m _                  _ _       _    [32m__ _ _
[32m      /\\ [31m| | __ ___   ____ _| (_)_ __ | | __[32m\ \ \ \
[32m     ( ( )[31m| |/ _` \ \ / / _` | | | '_ \| |/ /[32m \ \ \ \
[32m      \\/ [31m| | (_| |\ V / (_| | | | | | |   < [32m  ) ) ) )
[32m       '  [31m|_|\__,_| \_/ \__,_|_|_|_| |_|_|\_\[32m / / / /
[0m    =========================================[32m/_/_/_/[0m

	Version:        3.3.1.4
	Build:          1111
	Build time:     09.10.2020 14:42:03 UTC
	Branch          master
	Commit:         19972c2
	Commit time:    04.10.2020 15:12:22 UTC
	JVM:            13.0.2
	Lavaplayer      1.3.54.3

2020-10-24 09:34:37.001  INFO 5716 --- [main] lavalink.server.Launcher                 : Starting Launcher on DESKTOP-CUVFBJA with PID 5716 (D:\SchoolBot\Lavalink.jar started by VIRUS in D:\SchoolBot)
2020-10-24 09:34:37.025  INFO 5716 --- [main] lavalink.server.Launcher                 : No active profile set, falling back to default profiles: default
2020-10-24 09:34:37.108  WARN 5716 --- [background-preinit] o.s.h.c.j.Jackson2ObjectMapperBuilder    : For Jackson Kotlin classes support please add "com.fasterxml.jackson.module:jackson-module-kotlin" to the classpath
2020-10-24 09:34:38.831  WARN 5716 --- [main] io.undertow.websockets.jsr               : UT026010: Buffer pool was not set on WebSocketDeploymentInfo, the default pool will be used
2020-10-24 09:34:38.861  INFO 5716 --- [main] io.undertow.servlet                      : Initializing Spring embedded WebApplicationContext
2020-10-24 09:34:38.861  INFO 5716 --- [main] o.s.web.context.ContextLoader            : Root WebApplicationContext: initialization completed in 1776 ms
2020-10-24 09:34:39.263  WARN 5716 --- [main] l.server.config.SentryConfiguration      : Turning off sentry
2020-10-24 09:34:39.274  INFO 5716 --- [main] l.s.c.AudioSendFactoryConfiguration      : OS: Windows 10, Arch: amd64
2020-10-24 09:34:39.275  INFO 5716 --- [main] l.s.c.AudioSendFactoryConfiguration      : JDA-NAS supported system detected. Enabled native audio sending.
2020-10-24 09:34:39.276  INFO 5716 --- [main] l.s.c.AudioSendFactoryConfiguration      : Setting buffer to 400ms
2020-10-24 09:34:39.276  INFO 5716 --- [main] l.s.c.AudioSendFactoryConfiguration      : Setting playlist load limit to 6
2020-10-24 09:34:39.596  INFO 5716 --- [main] c.s.d.l.tools.GarbageCollectionMonitor   : GC monitoring enabled, reporting results every 2 minutes.
2020-10-24 09:34:40.100  INFO 5716 --- [main] o.s.s.concurrent.ThreadPoolTaskExecutor  : Initializing ExecutorService 'applicationTaskExecutor'
2020-10-24 09:34:40.608  INFO 5716 --- [main] org.xnio                                 : XNIO version 3.3.8.Final
2020-10-24 09:34:40.662  INFO 5716 --- [main] org.xnio.nio                             : XNIO NIO Implementation Version 3.3.8.Final
2020-10-24 09:34:40.985  INFO 5716 --- [main] o.s.b.w.e.u.UndertowServletWebServer     : Undertow started on port(s) 2333 (http) with context path ''
2020-10-24 09:34:41.009  INFO 5716 --- [main] lavalink.server.Launcher                 : Started Launcher in 4.657 seconds (JVM running for 5.172)
2020-10-24 09:35:08.866  INFO 5716 --- [XNIO-1 task-1] io.undertow.servlet                      : Initializing Spring DispatcherServlet 'dispatcherServlet'
2020-10-24 09:35:08.867  INFO 5716 --- [XNIO-1 task-1] o.s.web.servlet.DispatcherServlet        : Initializing Servlet 'dispatcherServlet'
2020-10-24 09:35:08.873  INFO 5716 --- [XNIO-1 task-1] o.s.web.servlet.DispatcherServlet        : Completed initialization in 5 ms
2020-10-24 09:35:08.896  INFO 5716 --- [XNIO-1 task-1] l.server.io.HandshakeInterceptorImpl     : Incoming connection from /127.0.0.1:60759
2020-10-24 09:35:09.038  INFO 5716 --- [XNIO-1 task-1] lavalink.server.io.SocketServer          : Connection successfully established from /127.0.0.1:60759
2020-10-24 09:35:09.061  INFO 5716 --- [XNIO-1 I/O-3] lavalink.server.io.SocketServer          : {"op": "configureResuming", "key": "default-node", "timeout": 60}
2020-10-24 09:35:45.199  INFO 5716 --- [XNIO-1 task-2] l.server.player.AudioLoaderRestHandler   : GET /loadtracks
2020-10-24 09:35:45.565  INFO 5716 --- [XNIO-1 I/O-3] lavalink.server.io.SocketServer          : {"op": "voiceUpdate", "guildId": "764154090221207612", "sessionId": "19015f30b28938c8da71cad7d7363aa9", "event": {"token": "f7694accc73a5cc3", "guild_id": "764154090221207612", "endpoint": "eu-central502.discord.media:443"}}
2020-10-24 09:35:45.738  INFO 5716 --- [parallel-2] com.jcabi.manifests.Manifests            : 73 attributes loaded from 85 stream(s) in 122ms, 73 saved, 1241 ignored: ["Ant-Version", "Archiver-Version", "Automatic-Module-Name", "Bnd-LastModified", "Build-Jdk", "Build-Jdk-Spec", "Build-Time", "Built-By", "Bundle-ActivationPolicy", "Bundle-Activator", "Bundle-Category", "Bundle-Description", "Bundle-DocURL", "Bundle-License", "Bundle-ManifestVersion", "Bundle-Name", "Bundle-NativeCode", "Bundle-RequiredExecutionEnvironment", "Bundle-SymbolicName", "Bundle-Vendor", "Bundle-Version", "Copyright", "Created-By", "Export-Package", "Extension-Name", "Git-Revision", "Implementation-Build", "Implementation-Build-Date", "Implementation-Title", "Implementation-URL", "Implementation-Vendor", "Implementation-Vendor-Id", "Implementation-Version", "Import-Package", "Include-Resource", "JCabi-Build", "JCabi-Date", "JCabi-Version", "Jar-Name", "Jar-Version", "Java-Vendor", "Java-Version", "Kotlin-Runtime-Component", "Kotlin-Version", "Log4jReleaseKey", "Log4jReleaseManager", "Log4jReleaseVersion", "Magma-Version", "Main-Class", "Manifest-Version", "Multi-Release", "Originally-Created-By", "Os-Arch", "Os-Name", "Os-Version", "Private-Package", "Provide-Capability", "Require-Bundle", "Require-Capability", "Scm-Connection", "Scm-Revision", "Scm-Url", "Specification-Title", "Specification-Vendor", "Specification-Version", "Spring-Boot-Classes", "Spring-Boot-Lib", "Spring-Boot-Version", "Start-Class", "Tool", "X-Compile-Source-JDK", "X-Compile-Target-JDK", "url"]
2020-10-24 09:35:46.433  WARN 5716 --- [lava-daemon-pool-info-loader-2-thread-1] c.s.d.l.s.youtube.YoutubeSearchProvider  : Failed to match ytInitialData JSON object
2020-10-24 09:35:46.434  INFO 5716 --- [lava-daemon-pool-info-loader-2-thread-1] lavalink.server.player.AudioLoader       : No matches found
2020-10-24 09:35:46.912  INFO 5716 --- [XNIO-1 I/O-3] lavalink.server.io.SocketServer          : {"op": "stop", "guildId": "764154090221207612"}
2020-10-24 09:35:47.205  INFO 5716 --- [parallel-4] s.n.m.impl.connections.AudioWebSocket    : Websocket to wss://eu-central502.discord.media:443/?v=4 closed with code 4014 and reason Disconnected.
2020-10-24 09:35:47.206  INFO 5716 --- [parallel-4] s.n.m.impl.connections.AudioWebSocket    : Closing
2020-10-24 09:35:55.314  INFO 5716 --- [XNIO-1 I/O-3] lavalink.server.io.SocketServer          : Connection closed from /127.0.0.1:60759 with status CloseStatus[code=1006, reason=] -- Session can be resumed within the next 60 seconds with key default-node
2020-10-24 09:36:01.822  INFO 5716 --- [XNIO-1 task-4] l.server.io.HandshakeInterceptorImpl     : Incoming connection from /127.0.0.1:60776
2020-10-24 09:36:01.831  INFO 5716 --- [XNIO-1 task-4] lavalink.server.io.SocketServer          : Connection successfully established from /127.0.0.1:60776
2020-10-24 09:36:01.833  INFO 5716 --- [XNIO-1 I/O-4] lavalink.server.io.SocketServer          : {"op": "configureResuming", "key": "default-node", "timeout": 60}
2020-10-24 09:36:03.427  INFO 5716 --- [XNIO-1 task-5] l.server.player.AudioLoaderRestHandler   : GET /loadtracks
2020-10-24 09:36:03.434  INFO 5716 --- [lava-daemon-pool-info-loader-2-thread-1] lavalink.server.player.AudioLoader       : No matches found
2020-10-24 09:36:03.828  INFO 5716 --- [XNIO-1 I/O-4] lavalink.server.io.SocketServer          : {"op": "voiceUpdate", "guildId": "764154090221207612", "sessionId": "9f4995996e62f08ade43046ff7aacc70", "event": {"token": "73388cf928e6bfb6", "guild_id": "764154090221207612", "endpoint": "eu-central502.discord.media:443"}}
2020-10-24 09:36:03.838  INFO 5716 --- [XNIO-1 I/O-4] lavalink.server.io.SocketServer          : {"op": "stop", "guildId": "764154090221207612"}
2020-10-24 09:36:04.795  INFO 5716 --- [parallel-1] s.n.m.impl.connections.AudioWebSocket    : Websocket to wss://eu-central502.discord.media:443/?v=4 closed with code 4006 and reason Session is no longer valid.
2020-10-24 09:36:04.797  WARN 5716 --- [parallel-1] s.n.m.impl.connections.AudioWebSocket    : Connection closed due to [4006 SESSION_NO_LONGER_VALID] Session is no longer valid.. This could indicate an issue with the magma library or your usage of it. Please get in touch. https://github.com/napstr/Magma/issues
2020-10-24 09:36:04.797  INFO 5716 --- [parallel-1] s.n.m.impl.connections.AudioWebSocket    : Closing
2020-10-24 09:36:09.814  WARN 5716 --- [XNIO-1 I/O-4] lavalink.server.io.SocketServer          : Shutdown resumable session with key default-node because it has the same key as a newly disconnected resumable session.
2020-10-24 09:36:09.820  INFO 5716 --- [XNIO-1 I/O-4] lavalink.server.io.SocketContext         : Shutting down 0 playing players.
2020-10-24 09:36:09.824  INFO 5716 --- [XNIO-1 I/O-4] lavalink.server.io.SocketServer          : Connection closed from /127.0.0.1:60776 with status CloseStatus[code=1006, reason=] -- Session can be resumed within the next 60 seconds with key default-node
2020-10-24 09:36:14.967  INFO 5716 --- [XNIO-1 task-7] l.server.io.HandshakeInterceptorImpl     : Incoming connection from /127.0.0.1:60789
2020-10-24 09:36:14.975  INFO 5716 --- [XNIO-1 task-7] lavalink.server.io.SocketServer          : Connection successfully established from /127.0.0.1:60789
2020-10-24 09:36:14.976  INFO 5716 --- [XNIO-1 I/O-1] lavalink.server.io.SocketServer          : {"op": "configureResuming", "key": "default-node", "timeout": 60}
2020-10-24 09:36:17.315  INFO 5716 --- [XNIO-1 task-8] l.server.player.AudioLoaderRestHandler   : GET /loadtracks
2020-10-24 09:36:17.766  INFO 5716 --- [XNIO-1 I/O-1] lavalink.server.io.SocketServer          : {"op": "voiceUpdate", "guildId": "764154090221207612", "sessionId": "87d95553e3949a94bad761610544003d", "event": {"token": "ac926e2ae4d8aaba", "guild_id": "764154090221207612", "endpoint": "eu-central502.discord.media:443"}}
2020-10-24 09:36:18.182  WARN 5716 --- [lava-daemon-pool-info-loader-2-thread-1] c.s.d.l.s.youtube.YoutubeSearchProvider  : Failed to match ytInitialData JSON object
2020-10-24 09:36:18.184  INFO 5716 --- [lava-daemon-pool-info-loader-2-thread-1] lavalink.server.player.AudioLoader       : No matches found
2020-10-24 09:36:18.923  INFO 5716 --- [XNIO-1 I/O-1] lavalink.server.io.SocketServer          : {"op": "stop", "guildId": "764154090221207612"}
2020-10-24 09:36:19.211  INFO 5716 --- [parallel-1] s.n.m.impl.connections.AudioWebSocket    : Websocket to wss://eu-central502.discord.media:443/?v=4 closed with code 4014 and reason Disconnected.
2020-10-24 09:36:19.213  INFO 5716 --- [parallel-1] s.n.m.impl.connections.AudioWebSocket    : Closing
2020-10-24 09:36:25.215  WARN 5716 --- [XNIO-1 I/O-1] lavalink.server.io.SocketServer          : Shutdown resumable session with key default-node because it has the same key as a newly disconnected resumable session.
2020-10-24 09:36:25.226  INFO 5716 --- [XNIO-1 I/O-1] lavalink.server.io.SocketContext         : Shutting down 0 playing players.
2020-10-24 09:36:25.228  INFO 5716 --- [XNIO-1 I/O-1] lavalink.server.io.SocketServer          : Connection closed from /127.0.0.1:60789 with status CloseStatus[code=1006, reason=] -- Session can be resumed within the next 60 seconds with key default-node
2020-10-24 09:36:30.438  INFO 5716 --- [XNIO-1 task-10] l.server.io.HandshakeInterceptorImpl     : Incoming connection from /127.0.0.1:60809
2020-10-24 09:36:30.445  INFO 5716 --- [XNIO-1 task-10] lavalink.server.io.SocketServer          : Connection successfully established from /127.0.0.1:60809
2020-10-24 09:36:30.446  INFO 5716 --- [XNIO-1 I/O-1] lavalink.server.io.SocketServer          : {"op": "configureResuming", "key": "default-node", "timeout": 60}
2020-10-24 09:36:36.937  INFO 5716 --- [XNIO-1 task-11] l.server.player.AudioLoaderRestHandler   : GET /loadtracks
2020-10-24 09:36:37.346  INFO 5716 --- [XNIO-1 I/O-1] lavalink.server.io.SocketServer          : {"op": "voiceUpdate", "guildId": "764154090221207612", "sessionId": "d56ed31a68cad66db9268fa0c6795c5b", "event": {"token": "5142858a6ebe352d", "guild_id": "764154090221207612", "endpoint": "eu-central502.discord.media:443"}}
2020-10-24 09:36:37.752  WARN 5716 --- [lava-daemon-pool-info-loader-2-thread-1] c.s.d.l.s.youtube.YoutubeSearchProvider  : Failed to match ytInitialData JSON object
2020-10-24 09:36:37.754  INFO 5716 --- [lava-daemon-pool-info-loader-2-thread-1] lavalink.server.player.AudioLoader       : No matches found
2020-10-24 09:36:38.127  INFO 5716 --- [XNIO-1 I/O-1] lavalink.server.io.SocketServer          : {"op": "stop", "guildId": "764154090221207612"}
2020-10-24 09:36:38.416  INFO 5716 --- [parallel-2] s.n.m.impl.connections.AudioWebSocket    : Websocket to wss://eu-central502.discord.media:443/?v=4 closed with code 4014 and reason Disconnected.
2020-10-24 09:36:38.417  INFO 5716 --- [parallel-2] s.n.m.impl.connections.AudioWebSocket    : Closing
2020-10-24 09:36:55.326  INFO 5716 --- [pool-2-thread-1] lavalink.server.io.SocketContext         : Shutting down 0 playing players.
2020-10-24 09:37:09.829  INFO 5716 --- [pool-4-thread-1] lavalink.server.io.SocketContext         : Shutting down 0 playing players.
2020-10-24 09:37:25.257  INFO 5716 --- [pool-5-thread-1] lavalink.server.io.SocketContext         : Shutting down 0 playing players.
2020-10-24 09:44:25.217  INFO 5716 --- [XNIO-1 I/O-1] lavalink.server.io.SocketServer          : Connection closed from /127.0.0.1:60809 with status CloseStatus[code=1006, reason=] -- Session can be resumed within the next 60 seconds with key default-node
2020-10-24 09:44:30.500  INFO 5716 --- [XNIO-1 task-13] l.server.io.HandshakeInterceptorImpl     : Incoming connection from /127.0.0.1:60957
2020-10-24 09:44:30.507  INFO 5716 --- [XNIO-1 task-13] lavalink.server.io.SocketServer          : Connection successfully established from /127.0.0.1:60957
2020-10-24 09:44:30.508  INFO 5716 --- [XNIO-1 I/O-1] lavalink.server.io.SocketServer          : {"op": "configureResuming", "key": "default-node", "timeout": 60}
2020-10-24 09:45:21.625  WARN 5716 --- [XNIO-1 I/O-1] lavalink.server.io.SocketServer          : Shutdown resumable session with key default-node because it has the same key as a newly disconnected resumable session.
2020-10-24 09:45:21.628  INFO 5716 --- [XNIO-1 I/O-1] lavalink.server.io.SocketContext         : Shutting down 0 playing players.
2020-10-24 09:45:21.629  INFO 5716 --- [XNIO-1 I/O-1] lavalink.server.io.SocketServer          : Connection closed from /127.0.0.1:60957 with status CloseStatus[code=1006, reason=] -- Session can be resumed within the next 60 seconds with key default-node
2020-10-24 09:45:25.230  INFO 5716 --- [pool-6-thread-1] lavalink.server.io.SocketContext         : Shutting down 0 playing players.
2020-10-24 09:45:26.564  INFO 5716 --- [XNIO-1 task-14] l.server.io.HandshakeInterceptorImpl     : Incoming connection from /127.0.0.1:60991
2020-10-24 09:45:26.569  INFO 5716 --- [XNIO-1 task-14] lavalink.server.io.SocketServer          : Connection successfully established from /127.0.0.1:60991
2020-10-24 09:45:26.570  INFO 5716 --- [XNIO-1 I/O-3] lavalink.server.io.SocketServer          : {"op": "configureResuming", "key": "default-node", "timeout": 60}
2020-10-24 09:46:21.634  INFO 5716 --- [pool-7-thread-1] lavalink.server.io.SocketContext         : Shutting down 0 playing players.
